{"/Users/brieucjamain/Desktop/Boilerplate_serverless/dist/entities/index.js": {"path":"/Users/brieucjamain/Desktop/Boilerplate_serverless/dist/entities/index.js","statementMap":{},"fnMap":{},"branchMap":{},"s":{},"f":{},"b":{},"inputSourceMap":null,"_coverageSchema":"1a1c01bbd47fc00a2c39e90264f33305004495a9","hash":"e5c37c08f40d7b2f7cc1adf1b6b29b066067eac9"}
,"/Users/brieucjamain/Desktop/Boilerplate_serverless/dist/entities/user.js": {"path":"/Users/brieucjamain/Desktop/Boilerplate_serverless/dist/entities/user.js","statementMap":{"0":{"start":{"line":1,"column":17},"end":{"line":6,"column":1}},"1":{"start":{"line":2,"column":12},"end":{"line":2,"column":28}},"2":{"start":{"line":2,"column":34},"end":{"line":2,"column":125}},"3":{"start":{"line":3,"column":4},"end":{"line":4,"column":150}},"4":{"start":{"line":3,"column":79},"end":{"line":3,"column":131}},"5":{"start":{"line":4,"column":9},"end":{"line":4,"column":150}},"6":{"start":{"line":4,"column":22},"end":{"line":4,"column":43}},"7":{"start":{"line":4,"column":58},"end":{"line":4,"column":150}},"8":{"start":{"line":4,"column":81},"end":{"line":4,"column":150}},"9":{"start":{"line":5,"column":4},"end":{"line":5,"column":66}},"10":{"start":{"line":7,"column":17},"end":{"line":9,"column":1}},"11":{"start":{"line":8,"column":4},"end":{"line":8,"column":109}},"12":{"start":{"line":8,"column":79},"end":{"line":8,"column":109}},"13":{"start":{"line":16,"column":11},"end":{"line":23,"column":1}},"14":{"start":{"line":18,"column":8},"end":{"line":20,"column":11}},"15":{"start":{"line":19,"column":12},"end":{"line":19,"column":77}},"16":{"start":{"line":21,"column":8},"end":{"line":21,"column":52}},"17":{"start":{"line":24,"column":0},"end":{"line":27,"column":34}},"18":{"start":{"line":28,"column":0},"end":{"line":33,"column":39}},"19":{"start":{"line":34,"column":0},"end":{"line":40,"column":36}},"20":{"start":{"line":41,"column":0},"end":{"line":46,"column":39}},"21":{"start":{"line":47,"column":0},"end":{"line":50,"column":40}},"22":{"start":{"line":51,"column":0},"end":{"line":54,"column":40}},"23":{"start":{"line":55,"column":0},"end":{"line":58,"column":40}},"24":{"start":{"line":59,"column":0},"end":{"line":65,"column":33}},"25":{"start":{"line":66,"column":0},"end":{"line":68,"column":9}}},"fnMap":{"0":{"name":"(anonymous_0)","decl":{"start":{"line":1,"column":46},"end":{"line":1,"column":47}},"loc":{"start":{"line":1,"column":87},"end":{"line":6,"column":1}},"line":1},"1":{"name":"(anonymous_1)","decl":{"start":{"line":7,"column":46},"end":{"line":7,"column":47}},"loc":{"start":{"line":7,"column":62},"end":{"line":9,"column":1}},"line":7},"2":{"name":"(anonymous_2)","decl":{"start":{"line":17,"column":4},"end":{"line":17,"column":5}},"loc":{"start":{"line":17,"column":17},"end":{"line":22,"column":5}},"line":17},"3":{"name":"(anonymous_3)","decl":{"start":{"line":18,"column":83},"end":{"line":18,"column":84}},"loc":{"start":{"line":18,"column":95},"end":{"line":20,"column":9}},"line":18}},"branchMap":{"0":{"loc":{"start":{"line":1,"column":17},"end":{"line":6,"column":1}},"type":"binary-expr","locations":[{"start":{"line":1,"column":18},"end":{"line":1,"column":22}},{"start":{"line":1,"column":26},"end":{"line":1,"column":41}},{"start":{"line":1,"column":46},"end":{"line":6,"column":1}}],"line":1},"1":{"loc":{"start":{"line":2,"column":34},"end":{"line":2,"column":125}},"type":"cond-expr","locations":[{"start":{"line":2,"column":42},"end":{"line":2,"column":48}},{"start":{"line":2,"column":51},"end":{"line":2,"column":125}}],"line":2},"2":{"loc":{"start":{"line":2,"column":51},"end":{"line":2,"column":125}},"type":"cond-expr","locations":[{"start":{"line":2,"column":67},"end":{"line":2,"column":118}},{"start":{"line":2,"column":121},"end":{"line":2,"column":125}}],"line":2},"3":{"loc":{"start":{"line":3,"column":4},"end":{"line":4,"column":150}},"type":"if","locations":[{"start":{"line":3,"column":4},"end":{"line":4,"column":150}},{"start":{"line":4,"column":9},"end":{"line":4,"column":150}}],"line":3},"4":{"loc":{"start":{"line":3,"column":8},"end":{"line":3,"column":77}},"type":"binary-expr","locations":[{"start":{"line":3,"column":8},"end":{"line":3,"column":35}},{"start":{"line":3,"column":39},"end":{"line":3,"column":77}}],"line":3},"5":{"loc":{"start":{"line":4,"column":58},"end":{"line":4,"column":150}},"type":"if","locations":[{"start":{"line":4,"column":58},"end":{"line":4,"column":150}},{"start":{},"end":{}}],"line":4},"6":{"loc":{"start":{"line":4,"column":85},"end":{"line":4,"column":149}},"type":"binary-expr","locations":[{"start":{"line":4,"column":86},"end":{"line":4,"column":143}},{"start":{"line":4,"column":148},"end":{"line":4,"column":149}}],"line":4},"7":{"loc":{"start":{"line":4,"column":86},"end":{"line":4,"column":143}},"type":"cond-expr","locations":[{"start":{"line":4,"column":94},"end":{"line":4,"column":98}},{"start":{"line":4,"column":101},"end":{"line":4,"column":143}}],"line":4},"8":{"loc":{"start":{"line":4,"column":101},"end":{"line":4,"column":143}},"type":"cond-expr","locations":[{"start":{"line":4,"column":109},"end":{"line":4,"column":126}},{"start":{"line":4,"column":129},"end":{"line":4,"column":143}}],"line":4},"9":{"loc":{"start":{"line":5,"column":11},"end":{"line":5,"column":62}},"type":"binary-expr","locations":[{"start":{"line":5,"column":11},"end":{"line":5,"column":16}},{"start":{"line":5,"column":20},"end":{"line":5,"column":21}},{"start":{"line":5,"column":25},"end":{"line":5,"column":62}}],"line":5},"10":{"loc":{"start":{"line":7,"column":17},"end":{"line":9,"column":1}},"type":"binary-expr","locations":[{"start":{"line":7,"column":18},"end":{"line":7,"column":22}},{"start":{"line":7,"column":26},"end":{"line":7,"column":41}},{"start":{"line":7,"column":46},"end":{"line":9,"column":1}}],"line":7},"11":{"loc":{"start":{"line":8,"column":4},"end":{"line":8,"column":109}},"type":"if","locations":[{"start":{"line":8,"column":4},"end":{"line":8,"column":109}},{"start":{},"end":{}}],"line":8},"12":{"loc":{"start":{"line":8,"column":8},"end":{"line":8,"column":77}},"type":"binary-expr","locations":[{"start":{"line":8,"column":8},"end":{"line":8,"column":35}},{"start":{"line":8,"column":39},"end":{"line":8,"column":77}}],"line":8}},"s":{"0":3,"1":27,"2":27,"3":27,"4":27,"5":0,"6":0,"7":0,"8":0,"9":27,"10":3,"11":30,"12":30,"13":3,"14":13,"15":8,"16":5,"17":3,"18":3,"19":3,"20":3,"21":3,"22":3,"23":3,"24":3,"25":3},"f":{"0":27,"1":30,"2":13,"3":8},"b":{"0":[3,0,3],"1":[3,24],"2":[3,21],"3":[27,0],"4":[27,27],"5":[0,0],"6":[0,0],"7":[0,0],"8":[0,0],"9":[27,24,3],"10":[3,0,3],"11":[30,0],"12":[30,30]},"inputSourceMap":null,"_coverageSchema":"1a1c01bbd47fc00a2c39e90264f33305004495a9","hash":"db4ea393b06563d66bc2ecb57b74cc9af4127203"}
,"/Users/brieucjamain/Desktop/Boilerplate_serverless/dist/resolvers/auth.js": {"path":"/Users/brieucjamain/Desktop/Boilerplate_serverless/dist/resolvers/auth.js","statementMap":{"0":{"start":{"line":9,"column":25},"end":{"line":9,"column":77}},"1":{"start":{"line":10,"column":12},"end":{"line":11,"column":73}},"2":{"start":{"line":11,"column":16},"end":{"line":11,"column":73}},"3":{"start":{"line":12,"column":12},"end":{"line":12,"column":64}},"4":{"start":{"line":13,"column":32},"end":{"line":13,"column":72}},"5":{"start":{"line":14,"column":33},"end":{"line":14,"column":74}},"6":{"start":{"line":15,"column":12},"end":{"line":15,"column":49}},"7":{"start":{"line":18,"column":33},"end":{"line":18,"column":87}},"8":{"start":{"line":19,"column":25},"end":{"line":19,"column":85}},"9":{"start":{"line":20,"column":12},"end":{"line":21,"column":65}},"10":{"start":{"line":21,"column":16},"end":{"line":21,"column":65}},"11":{"start":{"line":22,"column":32},"end":{"line":22,"column":72}},"12":{"start":{"line":23,"column":33},"end":{"line":23,"column":74}},"13":{"start":{"line":24,"column":12},"end":{"line":24,"column":49}},"14":{"start":{"line":27,"column":25},"end":{"line":27,"column":77}},"15":{"start":{"line":28,"column":12},"end":{"line":29,"column":58}},"16":{"start":{"line":29,"column":16},"end":{"line":29,"column":58}},"17":{"start":{"line":30,"column":12},"end":{"line":30,"column":41}},"18":{"start":{"line":35,"column":25},"end":{"line":39,"column":21}},"19":{"start":{"line":40,"column":32},"end":{"line":40,"column":72}},"20":{"start":{"line":41,"column":33},"end":{"line":41,"column":74}},"21":{"start":{"line":42,"column":12},"end":{"line":42,"column":49}},"22":{"start":{"line":45,"column":33},"end":{"line":45,"column":87}},"23":{"start":{"line":46,"column":25},"end":{"line":46,"column":76}},"24":{"start":{"line":47,"column":12},"end":{"line":48,"column":65}},"25":{"start":{"line":48,"column":16},"end":{"line":48,"column":65}},"26":{"start":{"line":49,"column":12},"end":{"line":49,"column":34}},"27":{"start":{"line":50,"column":12},"end":{"line":50,"column":30}},"28":{"start":{"line":51,"column":32},"end":{"line":51,"column":72}},"29":{"start":{"line":52,"column":33},"end":{"line":52,"column":74}},"30":{"start":{"line":53,"column":12},"end":{"line":53,"column":49}},"31":{"start":{"line":56,"column":33},"end":{"line":56,"column":85}},"32":{"start":{"line":57,"column":25},"end":{"line":57,"column":76}},"33":{"start":{"line":58,"column":12},"end":{"line":59,"column":64}},"34":{"start":{"line":59,"column":16},"end":{"line":59,"column":64}},"35":{"start":{"line":60,"column":12},"end":{"line":60,"column":42}},"36":{"start":{"line":61,"column":12},"end":{"line":61,"column":30}},"37":{"start":{"line":62,"column":32},"end":{"line":62,"column":72}},"38":{"start":{"line":63,"column":33},"end":{"line":63,"column":74}},"39":{"start":{"line":64,"column":12},"end":{"line":64,"column":49}}},"fnMap":{"0":{"name":"(anonymous_0)","decl":{"start":{"line":8,"column":8},"end":{"line":8,"column":9}},"loc":{"start":{"line":8,"column":52},"end":{"line":16,"column":9}},"line":8},"1":{"name":"(anonymous_1)","decl":{"start":{"line":17,"column":8},"end":{"line":17,"column":9}},"loc":{"start":{"line":17,"column":60},"end":{"line":25,"column":9}},"line":17},"2":{"name":"(anonymous_2)","decl":{"start":{"line":26,"column":8},"end":{"line":26,"column":9}},"loc":{"start":{"line":26,"column":61},"end":{"line":31,"column":9}},"line":26},"3":{"name":"(anonymous_3)","decl":{"start":{"line":34,"column":8},"end":{"line":34,"column":9}},"loc":{"start":{"line":34,"column":55},"end":{"line":43,"column":9}},"line":34},"4":{"name":"(anonymous_4)","decl":{"start":{"line":44,"column":8},"end":{"line":44,"column":9}},"loc":{"start":{"line":44,"column":59},"end":{"line":54,"column":9}},"line":44},"5":{"name":"(anonymous_5)","decl":{"start":{"line":55,"column":8},"end":{"line":55,"column":9}},"loc":{"start":{"line":55,"column":61},"end":{"line":65,"column":9}},"line":55}},"branchMap":{"0":{"loc":{"start":{"line":10,"column":12},"end":{"line":11,"column":73}},"type":"if","locations":[{"start":{"line":10,"column":12},"end":{"line":11,"column":73}},{"start":{},"end":{}}],"line":10},"1":{"loc":{"start":{"line":20,"column":12},"end":{"line":21,"column":65}},"type":"if","locations":[{"start":{"line":20,"column":12},"end":{"line":21,"column":65}},{"start":{},"end":{}}],"line":20},"2":{"loc":{"start":{"line":28,"column":12},"end":{"line":29,"column":58}},"type":"if","locations":[{"start":{"line":28,"column":12},"end":{"line":29,"column":58}},{"start":{},"end":{}}],"line":28},"3":{"loc":{"start":{"line":47,"column":12},"end":{"line":48,"column":65}},"type":"if","locations":[{"start":{"line":47,"column":12},"end":{"line":48,"column":65}},{"start":{},"end":{}}],"line":47},"4":{"loc":{"start":{"line":58,"column":12},"end":{"line":59,"column":64}},"type":"if","locations":[{"start":{"line":58,"column":12},"end":{"line":59,"column":64}},{"start":{},"end":{}}],"line":58}},"s":{"0":4,"1":4,"2":1,"3":3,"4":2,"5":2,"6":2,"7":4,"8":2,"9":2,"10":1,"11":1,"12":1,"13":1,"14":2,"15":2,"16":1,"17":2,"18":4,"19":1,"20":1,"21":1,"22":1,"23":1,"24":1,"25":0,"26":1,"27":1,"28":1,"29":1,"30":1,"31":1,"32":1,"33":1,"34":0,"35":1,"36":1,"37":1,"38":1,"39":1},"f":{"0":4,"1":4,"2":2,"3":4,"4":1,"5":1},"b":{"0":[1,3],"1":[1,1],"2":[1,1],"3":[0,1],"4":[0,1]},"inputSourceMap":null,"_coverageSchema":"1a1c01bbd47fc00a2c39e90264f33305004495a9","hash":"59fa4adb7484a4d6f4af7b136fa69a14f82d6a15"}
,"/Users/brieucjamain/Desktop/Boilerplate_serverless/dist/resolvers/index.js": {"path":"/Users/brieucjamain/Desktop/Boilerplate_serverless/dist/resolvers/index.js","statementMap":{},"fnMap":{},"branchMap":{},"s":{},"f":{},"b":{},"inputSourceMap":null,"_coverageSchema":"1a1c01bbd47fc00a2c39e90264f33305004495a9","hash":"78bd0a887b16d701452bb15ae043a8432f5e38a1"}
,"/Users/brieucjamain/Desktop/Boilerplate_serverless/dist/resolvers/user.js": {"path":"/Users/brieucjamain/Desktop/Boilerplate_serverless/dist/resolvers/user.js","statementMap":{"0":{"start":{"line":7,"column":24},"end":{"line":7,"column":46}},"1":{"start":{"line":8,"column":25},"end":{"line":10,"column":14}},"2":{"start":{"line":11,"column":12},"end":{"line":11,"column":24}},"3":{"start":{"line":14,"column":12},"end":{"line":14,"column":35}},"4":{"start":{"line":15,"column":26},"end":{"line":15,"column":45}},"5":{"start":{"line":16,"column":12},"end":{"line":16,"column":25}},"6":{"start":{"line":19,"column":12},"end":{"line":19,"column":35}},"7":{"start":{"line":20,"column":26},"end":{"line":20,"column":45}},"8":{"start":{"line":21,"column":12},"end":{"line":21,"column":25}}},"fnMap":{"0":{"name":"(anonymous_0)","decl":{"start":{"line":5,"column":8},"end":{"line":5,"column":9}},"loc":{"start":{"line":5,"column":49},"end":{"line":12,"column":9}},"line":5},"1":{"name":"(anonymous_1)","decl":{"start":{"line":13,"column":8},"end":{"line":13,"column":9}},"loc":{"start":{"line":13,"column":52},"end":{"line":17,"column":9}},"line":13},"2":{"name":"(anonymous_2)","decl":{"start":{"line":18,"column":8},"end":{"line":18,"column":9}},"loc":{"start":{"line":18,"column":56},"end":{"line":22,"column":9}},"line":18}},"branchMap":{"0":{"loc":{"start":{"line":9,"column":21},"end":{"line":9,"column":80}},"type":"cond-expr","locations":[{"start":{"line":9,"column":65},"end":{"line":9,"column":71}},{"start":{"line":9,"column":74},"end":{"line":9,"column":80}}],"line":9},"1":{"loc":{"start":{"line":9,"column":21},"end":{"line":9,"column":62}},"type":"binary-expr","locations":[{"start":{"line":9,"column":21},"end":{"line":9,"column":45}},{"start":{"line":9,"column":49},"end":{"line":9,"column":62}}],"line":9}},"s":{"0":2,"1":1,"2":1,"3":0,"4":0,"5":0,"6":0,"7":0,"8":0},"f":{"0":2,"1":0,"2":0},"b":{"0":[0,1],"1":[1,1]},"inputSourceMap":null,"_coverageSchema":"1a1c01bbd47fc00a2c39e90264f33305004495a9","hash":"dd61762c7bd937d1fb22f729d6d716671252e3f4"}
,"/Users/brieucjamain/Desktop/Boilerplate_serverless/dist/typeDefs/auth.js": {"path":"/Users/brieucjamain/Desktop/Boilerplate_serverless/dist/typeDefs/auth.js","statementMap":{},"fnMap":{},"branchMap":{},"s":{},"f":{},"b":{},"inputSourceMap":null,"_coverageSchema":"1a1c01bbd47fc00a2c39e90264f33305004495a9","hash":"8d053cdff5ef34d77f68dffd343c328a7774f407"}
,"/Users/brieucjamain/Desktop/Boilerplate_serverless/dist/typeDefs/index.js": {"path":"/Users/brieucjamain/Desktop/Boilerplate_serverless/dist/typeDefs/index.js","statementMap":{},"fnMap":{},"branchMap":{},"s":{},"f":{},"b":{},"inputSourceMap":null,"_coverageSchema":"1a1c01bbd47fc00a2c39e90264f33305004495a9","hash":"04923b01ac812d3ea66759b5e913aae399d5020f"}
,"/Users/brieucjamain/Desktop/Boilerplate_serverless/dist/typeDefs/user.js": {"path":"/Users/brieucjamain/Desktop/Boilerplate_serverless/dist/typeDefs/user.js","statementMap":{},"fnMap":{},"branchMap":{},"s":{},"f":{},"b":{},"inputSourceMap":null,"_coverageSchema":"1a1c01bbd47fc00a2c39e90264f33305004495a9","hash":"192c3af8558bb644fc16665ed9a162bc1fb9ede4"}
,"/Users/brieucjamain/Desktop/Boilerplate_serverless/dist/utils/authentication.js": {"path":"/Users/brieucjamain/Desktop/Boilerplate_serverless/dist/utils/authentication.js","statementMap":{"0":{"start":{"line":6,"column":28},"end":{"line":8,"column":1}},"1":{"start":{"line":7,"column":4},"end":{"line":7,"column":41}},"2":{"start":{"line":9,"column":31},"end":{"line":14,"column":1}},"3":{"start":{"line":10,"column":19},"end":{"line":10,"column":65}},"4":{"start":{"line":11,"column":4},"end":{"line":12,"column":65}},"5":{"start":{"line":12,"column":8},"end":{"line":12,"column":65}},"6":{"start":{"line":13,"column":4},"end":{"line":13,"column":18}},"7":{"start":{"line":15,"column":27},"end":{"line":36,"column":1}},"8":{"start":{"line":16,"column":4},"end":{"line":35,"column":5}},"9":{"start":{"line":18,"column":12},"end":{"line":21,"column":20}},"10":{"start":{"line":23,"column":12},"end":{"line":26,"column":20}},"11":{"start":{"line":29,"column":12},"end":{"line":32,"column":20}},"12":{"start":{"line":34,"column":12},"end":{"line":34,"column":48}},"13":{"start":{"line":37,"column":27},"end":{"line":59,"column":1}},"14":{"start":{"line":38,"column":4},"end":{"line":38,"column":32}},"15":{"start":{"line":39,"column":4},"end":{"line":58,"column":5}},"16":{"start":{"line":40,"column":8},"end":{"line":49,"column":9}},"17":{"start":{"line":44,"column":16},"end":{"line":44,"column":74}},"18":{"start":{"line":46,"column":16},"end":{"line":46,"column":75}},"19":{"start":{"line":48,"column":16},"end":{"line":48,"column":52}},"20":{"start":{"line":52,"column":8},"end":{"line":57,"column":9}},"21":{"start":{"line":53,"column":12},"end":{"line":53,"column":72}},"22":{"start":{"line":56,"column":12},"end":{"line":56,"column":72}},"23":{"start":{"line":60,"column":27},"end":{"line":75,"column":1}},"24":{"start":{"line":61,"column":24},"end":{"line":61,"column":63}},"25":{"start":{"line":62,"column":4},"end":{"line":74,"column":5}},"26":{"start":{"line":63,"column":29},"end":{"line":63,"column":99}},"27":{"start":{"line":64,"column":21},"end":{"line":64,"column":81}},"28":{"start":{"line":65,"column":8},"end":{"line":66,"column":77}},"29":{"start":{"line":66,"column":12},"end":{"line":66,"column":77}},"30":{"start":{"line":67,"column":8},"end":{"line":67,"column":86}},"31":{"start":{"line":70,"column":8},"end":{"line":72,"column":9}},"32":{"start":{"line":71,"column":12},"end":{"line":71,"column":65}},"33":{"start":{"line":73,"column":8},"end":{"line":73,"column":73}},"34":{"start":{"line":76,"column":29},"end":{"line":80,"column":1}},"35":{"start":{"line":77,"column":4},"end":{"line":78,"column":54}},"36":{"start":{"line":78,"column":8},"end":{"line":78,"column":54}},"37":{"start":{"line":79,"column":4},"end":{"line":79,"column":19}}},"fnMap":{"0":{"name":"(anonymous_0)","decl":{"start":{"line":6,"column":28},"end":{"line":6,"column":29}},"loc":{"start":{"line":6,"column":42},"end":{"line":8,"column":1}},"line":6},"1":{"name":"(anonymous_1)","decl":{"start":{"line":9,"column":31},"end":{"line":9,"column":32}},"loc":{"start":{"line":9,"column":67},"end":{"line":14,"column":1}},"line":9},"2":{"name":"(anonymous_2)","decl":{"start":{"line":15,"column":27},"end":{"line":15,"column":28}},"loc":{"start":{"line":15,"column":48},"end":{"line":36,"column":1}},"line":15},"3":{"name":"(anonymous_3)","decl":{"start":{"line":37,"column":27},"end":{"line":37,"column":28}},"loc":{"start":{"line":37,"column":49},"end":{"line":59,"column":1}},"line":37},"4":{"name":"(anonymous_4)","decl":{"start":{"line":60,"column":27},"end":{"line":60,"column":28}},"loc":{"start":{"line":60,"column":46},"end":{"line":75,"column":1}},"line":60},"5":{"name":"(anonymous_5)","decl":{"start":{"line":76,"column":29},"end":{"line":76,"column":30}},"loc":{"start":{"line":76,"column":42},"end":{"line":80,"column":1}},"line":76}},"branchMap":{"0":{"loc":{"start":{"line":11,"column":4},"end":{"line":12,"column":65}},"type":"if","locations":[{"start":{"line":11,"column":4},"end":{"line":12,"column":65}},{"start":{},"end":{}}],"line":11},"1":{"loc":{"start":{"line":16,"column":4},"end":{"line":35,"column":5}},"type":"switch","locations":[{"start":{"line":17,"column":8},"end":{"line":21,"column":20}},{"start":{"line":22,"column":8},"end":{"line":26,"column":20}},{"start":{"line":27,"column":8},"end":{"line":27,"column":36}},{"start":{"line":28,"column":8},"end":{"line":32,"column":20}},{"start":{"line":33,"column":8},"end":{"line":34,"column":48}}],"line":16},"2":{"loc":{"start":{"line":40,"column":8},"end":{"line":49,"column":9}},"type":"switch","locations":[{"start":{"line":41,"column":12},"end":{"line":41,"column":39}},{"start":{"line":42,"column":12},"end":{"line":42,"column":40}},{"start":{"line":43,"column":12},"end":{"line":44,"column":74}},{"start":{"line":45,"column":12},"end":{"line":46,"column":75}},{"start":{"line":47,"column":12},"end":{"line":48,"column":52}}],"line":40},"3":{"loc":{"start":{"line":52,"column":8},"end":{"line":57,"column":9}},"type":"if","locations":[{"start":{"line":52,"column":8},"end":{"line":57,"column":9}},{"start":{"line":55,"column":13},"end":{"line":57,"column":9}}],"line":52},"4":{"loc":{"start":{"line":61,"column":24},"end":{"line":61,"column":63}},"type":"binary-expr","locations":[{"start":{"line":61,"column":24},"end":{"line":61,"column":57}},{"start":{"line":61,"column":61},"end":{"line":61,"column":63}}],"line":61},"5":{"loc":{"start":{"line":65,"column":8},"end":{"line":66,"column":77}},"type":"if","locations":[{"start":{"line":65,"column":8},"end":{"line":66,"column":77}},{"start":{},"end":{}}],"line":65},"6":{"loc":{"start":{"line":70,"column":8},"end":{"line":72,"column":9}},"type":"if","locations":[{"start":{"line":70,"column":8},"end":{"line":72,"column":9}},{"start":{},"end":{}}],"line":70},"7":{"loc":{"start":{"line":77,"column":4},"end":{"line":78,"column":54}},"type":"if","locations":[{"start":{"line":77,"column":4},"end":{"line":78,"column":54}},{"start":{},"end":{}}],"line":77}},"s":{"0":3,"1":5,"2":3,"3":4,"4":4,"5":1,"6":3,"7":3,"8":13,"9":6,"10":6,"11":1,"12":0,"13":3,"14":6,"15":6,"16":6,"17":2,"18":4,"19":0,"20":2,"21":1,"22":1,"23":3,"24":24,"25":24,"26":24,"27":1,"28":1,"29":0,"30":1,"31":23,"32":0,"33":23,"34":3,"35":2,"36":1,"37":1},"f":{"0":5,"1":4,"2":13,"3":6,"4":24,"5":2},"b":{"0":[1,3],"1":[6,6,0,1,0],"2":[0,1,2,4,0],"3":[1,1],"4":[24,23],"5":[0,1],"6":[0,23],"7":[1,1]},"inputSourceMap":null,"_coverageSchema":"1a1c01bbd47fc00a2c39e90264f33305004495a9","hash":"69409a16d0d3eb662980b4871c3a8f2e2298b42a"}
,"/Users/brieucjamain/Desktop/Boilerplate_serverless/dist/utils/config.js": {"path":"/Users/brieucjamain/Desktop/Boilerplate_serverless/dist/utils/config.js","statementMap":{"0":{"start":{"line":4,"column":0},"end":{"line":7,"column":1}},"1":{"start":{"line":5,"column":4},"end":{"line":5,"column":57}},"2":{"start":{"line":6,"column":4},"end":{"line":6,"column":20}},"3":{"start":{"line":8,"column":16},"end":{"line":8,"column":152}},"4":{"start":{"line":9,"column":0},"end":{"line":9,"column":33}},"5":{"start":{"line":10,"column":24},"end":{"line":10,"column":33}},"6":{"start":{"line":11,"column":28},"end":{"line":11,"column":51}}},"fnMap":{},"branchMap":{"0":{"loc":{"start":{"line":4,"column":0},"end":{"line":7,"column":1}},"type":"if","locations":[{"start":{"line":4,"column":0},"end":{"line":7,"column":1}},{"start":{},"end":{}}],"line":4},"1":{"loc":{"start":{"line":8,"column":16},"end":{"line":8,"column":152}},"type":"cond-expr","locations":[{"start":{"line":8,"column":55},"end":{"line":8,"column":90}},{"start":{"line":8,"column":93},"end":{"line":8,"column":152}}],"line":8}},"s":{"0":3,"1":0,"2":0,"3":3,"4":3,"5":3,"6":3},"f":{},"b":{"0":[0,3],"1":[0,3]},"inputSourceMap":null,"_coverageSchema":"1a1c01bbd47fc00a2c39e90264f33305004495a9","hash":"9cfce843a4e5dab8b41fa49c5453f721d55a75ed"}
,"/Users/brieucjamain/Desktop/Boilerplate_serverless/dist/utils/errorFormatter.js": {"path":"/Users/brieucjamain/Desktop/Boilerplate_serverless/dist/utils/errorFormatter.js","statementMap":{"0":{"start":{"line":2,"column":4},"end":{"line":4,"column":5}},"1":{"start":{"line":3,"column":8},"end":{"line":3,"column":48}},"2":{"start":{"line":5,"column":4},"end":{"line":7,"column":5}},"3":{"start":{"line":6,"column":8},"end":{"line":6,"column":51}},"4":{"start":{"line":8,"column":4},"end":{"line":10,"column":5}},"5":{"start":{"line":9,"column":8},"end":{"line":9,"column":51}},"6":{"start":{"line":11,"column":4},"end":{"line":11,"column":17}}},"fnMap":{"0":{"name":"(anonymous_0)","decl":{"start":{"line":1,"column":15},"end":{"line":1,"column":16}},"loc":{"start":{"line":1,"column":26},"end":{"line":12,"column":1}},"line":1}},"branchMap":{"0":{"loc":{"start":{"line":2,"column":4},"end":{"line":4,"column":5}},"type":"if","locations":[{"start":{"line":2,"column":4},"end":{"line":4,"column":5}},{"start":{},"end":{}}],"line":2},"1":{"loc":{"start":{"line":5,"column":4},"end":{"line":7,"column":5}},"type":"if","locations":[{"start":{"line":5,"column":4},"end":{"line":7,"column":5}},{"start":{},"end":{}}],"line":5},"2":{"loc":{"start":{"line":8,"column":4},"end":{"line":10,"column":5}},"type":"if","locations":[{"start":{"line":8,"column":4},"end":{"line":10,"column":5}},{"start":{},"end":{}}],"line":8}},"s":{"0":15,"1":2,"2":15,"3":2,"4":15,"5":2,"6":15},"f":{"0":15},"b":{"0":[2,13],"1":[2,13],"2":[2,13]},"inputSourceMap":null,"_coverageSchema":"1a1c01bbd47fc00a2c39e90264f33305004495a9","hash":"ecc0386d1f47a39d97cb162e34eaa82fd7a56f85"}
,"/Users/brieucjamain/Desktop/Boilerplate_serverless/dist/utils/logger.js": {"path":"/Users/brieucjamain/Desktop/Boilerplate_serverless/dist/utils/logger.js","statementMap":{"0":{"start":{"line":2,"column":39},"end":{"line":2,"column":45}},"1":{"start":{"line":3,"column":19},"end":{"line":6,"column":5}},"2":{"start":{"line":4,"column":4},"end":{"line":4,"column":42}},"3":{"start":{"line":5,"column":4},"end":{"line":5,"column":16}},"4":{"start":{"line":7,"column":19},"end":{"line":7,"column":53}},"5":{"start":{"line":8,"column":15},"end":{"line":17,"column":2}}},"fnMap":{"0":{"name":"(anonymous_0)","decl":{"start":{"line":3,"column":105},"end":{"line":3,"column":106}},"loc":{"start":{"line":3,"column":115},"end":{"line":6,"column":1}},"line":3}},"branchMap":{"0":{"loc":{"start":{"line":9,"column":11},"end":{"line":9,"column":42}},"type":"binary-expr","locations":[{"start":{"line":9,"column":11},"end":{"line":9,"column":32}},{"start":{"line":9,"column":36},"end":{"line":9,"column":42}}],"line":9}},"s":{"0":3,"1":3,"2":0,"3":0,"4":3,"5":3},"f":{"0":0},"b":{"0":[3,3]},"inputSourceMap":null,"_coverageSchema":"1a1c01bbd47fc00a2c39e90264f33305004495a9","hash":"28c565c654e5aa752c38c24fc55c226077ed6fac"}
,"/Users/brieucjamain/Desktop/Boilerplate_serverless/dist/utils/mailer.js": {"path":"/Users/brieucjamain/Desktop/Boilerplate_serverless/dist/utils/mailer.js","statementMap":{"0":{"start":{"line":6,"column":23},"end":{"line":34,"column":1}},"1":{"start":{"line":7,"column":20},"end":{"line":13,"column":5}},"2":{"start":{"line":14,"column":4},"end":{"line":32,"column":5}},"3":{"start":{"line":16,"column":33},"end":{"line":16,"column":74}},"4":{"start":{"line":17,"column":12},"end":{"line":17,"column":51}},"5":{"start":{"line":18,"column":12},"end":{"line":18,"column":110}},"6":{"start":{"line":19,"column":12},"end":{"line":19,"column":130}},"7":{"start":{"line":20,"column":12},"end":{"line":20,"column":18}},"8":{"start":{"line":23,"column":32},"end":{"line":23,"column":72}},"9":{"start":{"line":24,"column":12},"end":{"line":24,"column":53}},"10":{"start":{"line":25,"column":12},"end":{"line":25,"column":109}},"11":{"start":{"line":26,"column":12},"end":{"line":26,"column":130}},"12":{"start":{"line":27,"column":12},"end":{"line":27,"column":18}},"13":{"start":{"line":30,"column":12},"end":{"line":30,"column":46}},"14":{"start":{"line":31,"column":12},"end":{"line":31,"column":18}},"15":{"start":{"line":33,"column":4},"end":{"line":33,"column":19}},"16":{"start":{"line":36,"column":4},"end":{"line":36,"column":56}},"17":{"start":{"line":37,"column":24},"end":{"line":37,"column":60}},"18":{"start":{"line":38,"column":24},"end":{"line":38,"column":54}},"19":{"start":{"line":39,"column":24},"end":{"line":47,"column":6}},"20":{"start":{"line":48,"column":18},"end":{"line":48,"column":57}},"21":{"start":{"line":49,"column":4},"end":{"line":49,"column":52}},"22":{"start":{"line":50,"column":4},"end":{"line":50,"column":71}}},"fnMap":{"0":{"name":"(anonymous_0)","decl":{"start":{"line":6,"column":23},"end":{"line":6,"column":24}},"loc":{"start":{"line":6,"column":43},"end":{"line":34,"column":1}},"line":6},"1":{"name":"(anonymous_1)","decl":{"start":{"line":35,"column":15},"end":{"line":35,"column":16}},"loc":{"start":{"line":35,"column":41},"end":{"line":51,"column":1}},"line":35}},"branchMap":{"0":{"loc":{"start":{"line":14,"column":4},"end":{"line":32,"column":5}},"type":"switch","locations":[{"start":{"line":15,"column":8},"end":{"line":21,"column":9}},{"start":{"line":22,"column":8},"end":{"line":28,"column":9}},{"start":{"line":29,"column":8},"end":{"line":31,"column":18}}],"line":14}},"s":{"0":2,"1":1,"2":1,"3":0,"4":0,"5":0,"6":0,"7":0,"8":1,"9":1,"10":1,"11":1,"12":1,"13":0,"14":0,"15":1,"16":1,"17":1,"18":1,"19":1,"20":1,"21":1,"22":1},"f":{"0":1,"1":1},"b":{"0":[0,1,0]},"inputSourceMap":null,"_coverageSchema":"1a1c01bbd47fc00a2c39e90264f33305004495a9","hash":"5905ad5ec79fda0eb0cd96bf5dcdcd52cb386c06"}
,"/Users/brieucjamain/Desktop/Boilerplate_serverless/dist/utils/responseFormatter.js": {"path":"/Users/brieucjamain/Desktop/Boilerplate_serverless/dist/utils/responseFormatter.js","statementMap":{"0":{"start":{"line":2,"column":4},"end":{"line":37,"column":5}},"1":{"start":{"line":3,"column":8},"end":{"line":3,"column":29}},"2":{"start":{"line":4,"column":8},"end":{"line":36,"column":15}},"3":{"start":{"line":6,"column":12},"end":{"line":34,"column":13}},"4":{"start":{"line":7,"column":16},"end":{"line":7,"column":30}},"5":{"start":{"line":8,"column":34},"end":{"line":8,"column":49}},"6":{"start":{"line":9,"column":29},"end":{"line":9,"column":39}},"7":{"start":{"line":10,"column":29},"end":{"line":10,"column":97}},"8":{"start":{"line":11,"column":41},"end":{"line":11,"column":111}},"9":{"start":{"line":12,"column":31},"end":{"line":29,"column":22}},"10":{"start":{"line":13,"column":40},"end":{"line":13,"column":55}},"11":{"start":{"line":14,"column":20},"end":{"line":27,"column":23}},"12":{"start":{"line":15,"column":24},"end":{"line":26,"column":27}},"13":{"start":{"line":28,"column":20},"end":{"line":28,"column":32}},"14":{"start":{"line":30,"column":16},"end":{"line":30,"column":41}},"15":{"start":{"line":33,"column":16},"end":{"line":33,"column":32}},"16":{"start":{"line":35,"column":12},"end":{"line":35,"column":23}},"17":{"start":{"line":38,"column":4},"end":{"line":38,"column":20}}},"fnMap":{"0":{"name":"(anonymous_0)","decl":{"start":{"line":1,"column":15},"end":{"line":1,"column":16}},"loc":{"start":{"line":1,"column":29},"end":{"line":39,"column":1}},"line":1},"1":{"name":"(anonymous_1)","decl":{"start":{"line":4,"column":49},"end":{"line":4,"column":50}},"loc":{"start":{"line":4,"column":65},"end":{"line":36,"column":9}},"line":4},"2":{"name":"(anonymous_2)","decl":{"start":{"line":12,"column":55},"end":{"line":12,"column":56}},"loc":{"start":{"line":12,"column":70},"end":{"line":29,"column":17}},"line":12},"3":{"name":"(anonymous_3)","decl":{"start":{"line":14,"column":49},"end":{"line":14,"column":50}},"loc":{"start":{"line":14,"column":58},"end":{"line":27,"column":21}},"line":14}},"branchMap":{"0":{"loc":{"start":{"line":2,"column":4},"end":{"line":37,"column":5}},"type":"if","locations":[{"start":{"line":2,"column":4},"end":{"line":37,"column":5}},{"start":{},"end":{}}],"line":2},"1":{"loc":{"start":{"line":6,"column":12},"end":{"line":34,"column":13}},"type":"if","locations":[{"start":{"line":6,"column":12},"end":{"line":34,"column":13}},{"start":{"line":32,"column":17},"end":{"line":34,"column":13}}],"line":6},"2":{"loc":{"start":{"line":6,"column":16},"end":{"line":6,"column":69}},"type":"binary-expr","locations":[{"start":{"line":6,"column":16},"end":{"line":6,"column":29}},{"start":{"line":6,"column":33},"end":{"line":6,"column":69}}],"line":6},"3":{"loc":{"start":{"line":10,"column":29},"end":{"line":10,"column":97}},"type":"cond-expr","locations":[{"start":{"line":10,"column":81},"end":{"line":10,"column":87}},{"start":{"line":10,"column":90},"end":{"line":10,"column":97}}],"line":10},"4":{"loc":{"start":{"line":10,"column":29},"end":{"line":10,"column":78}},"type":"binary-expr","locations":[{"start":{"line":10,"column":29},"end":{"line":10,"column":61}},{"start":{"line":10,"column":65},"end":{"line":10,"column":78}}],"line":10},"5":{"loc":{"start":{"line":11,"column":41},"end":{"line":11,"column":111}},"type":"cond-expr","locations":[{"start":{"line":11,"column":93},"end":{"line":11,"column":99}},{"start":{"line":11,"column":102},"end":{"line":11,"column":111}}],"line":11},"6":{"loc":{"start":{"line":11,"column":41},"end":{"line":11,"column":90}},"type":"binary-expr","locations":[{"start":{"line":11,"column":41},"end":{"line":11,"column":73}},{"start":{"line":11,"column":77},"end":{"line":11,"column":90}}],"line":11}},"s":{"0":24,"1":15,"2":15,"3":15,"4":3,"5":3,"6":3,"7":3,"8":3,"9":3,"10":3,"11":3,"12":6,"13":3,"14":3,"15":12,"16":15,"17":24},"f":{"0":24,"1":15,"2":3,"3":6},"b":{"0":[15,9],"1":[3,12],"2":[15,15],"3":[0,3],"4":[3,3],"5":[0,3],"6":[3,3]},"inputSourceMap":null,"_coverageSchema":"1a1c01bbd47fc00a2c39e90264f33305004495a9","hash":"e515b2231d7a550051943e4347a1f8c889ad48de"}
,"/Users/brieucjamain/Desktop/Boilerplate_serverless/dist/utils/source.js": {"path":"/Users/brieucjamain/Desktop/Boilerplate_serverless/dist/utils/source.js","statementMap":{},"fnMap":{},"branchMap":{},"s":{},"f":{},"b":{},"inputSourceMap":null,"_coverageSchema":"1a1c01bbd47fc00a2c39e90264f33305004495a9","hash":"38e275bfdca2dd36ac5ea7df8fc506d121a18f4e"}
,"/Users/brieucjamain/Desktop/Boilerplate_serverless/dist/utils/testing.js": {"path":"/Users/brieucjamain/Desktop/Boilerplate_serverless/dist/utils/testing.js","statementMap":{"0":{"start":{"line":14,"column":30},"end":{"line":41,"column":1}},"1":{"start":{"line":15,"column":16},"end":{"line":15,"column":25}},"2":{"start":{"line":16,"column":19},"end":{"line":25,"column":6}},"3":{"start":{"line":22,"column":28},"end":{"line":22,"column":54}},"4":{"start":{"line":23,"column":12},"end":{"line":23,"column":70}},"5":{"start":{"line":26,"column":4},"end":{"line":26,"column":25}},"6":{"start":{"line":27,"column":4},"end":{"line":27,"column":52}},"7":{"start":{"line":28,"column":23},"end":{"line":28,"column":51}},"8":{"start":{"line":29,"column":17},"end":{"line":32,"column":6}},"9":{"start":{"line":33,"column":29},"end":{"line":35,"column":5}},"10":{"start":{"line":34,"column":8},"end":{"line":34,"column":77}},"11":{"start":{"line":36,"column":23},"end":{"line":39,"column":5}},"12":{"start":{"line":37,"column":20},"end":{"line":37,"column":38}},"13":{"start":{"line":40,"column":4},"end":{"line":40,"column":22}},"14":{"start":{"line":42,"column":26},"end":{"line":52,"column":1}},"15":{"start":{"line":43,"column":20},"end":{"line":47,"column":5}},"16":{"start":{"line":44,"column":8},"end":{"line":44,"column":34}},"17":{"start":{"line":45,"column":8},"end":{"line":45,"column":36}},"18":{"start":{"line":46,"column":8},"end":{"line":46,"column":35}},"19":{"start":{"line":48,"column":4},"end":{"line":51,"column":6}},"20":{"start":{"line":50,"column":20},"end":{"line":50,"column":36}}},"fnMap":{"0":{"name":"(anonymous_0)","decl":{"start":{"line":14,"column":30},"end":{"line":14,"column":31}},"loc":{"start":{"line":14,"column":42},"end":{"line":41,"column":1}},"line":14},"1":{"name":"(anonymous_1)","decl":{"start":{"line":21,"column":17},"end":{"line":21,"column":18}},"loc":{"start":{"line":21,"column":36},"end":{"line":24,"column":9}},"line":21},"2":{"name":"(anonymous_2)","decl":{"start":{"line":33,"column":29},"end":{"line":33,"column":30}},"loc":{"start":{"line":33,"column":75},"end":{"line":35,"column":5}},"line":33},"3":{"name":"(anonymous_3)","decl":{"start":{"line":37,"column":14},"end":{"line":37,"column":15}},"loc":{"start":{"line":37,"column":20},"end":{"line":37,"column":38}},"line":37},"4":{"name":"(anonymous_4)","decl":{"start":{"line":42,"column":26},"end":{"line":42,"column":27}},"loc":{"start":{"line":42,"column":32},"end":{"line":52,"column":1}},"line":42},"5":{"name":"(anonymous_5)","decl":{"start":{"line":43,"column":20},"end":{"line":43,"column":21}},"loc":{"start":{"line":43,"column":32},"end":{"line":47,"column":5}},"line":43},"6":{"name":"(anonymous_6)","decl":{"start":{"line":50,"column":14},"end":{"line":50,"column":15}},"loc":{"start":{"line":50,"column":20},"end":{"line":50,"column":36}},"line":50}},"branchMap":{"0":{"loc":{"start":{"line":33,"column":45},"end":{"line":33,"column":59}},"type":"default-arg","locations":[{"start":{"line":33,"column":57},"end":{"line":33,"column":59}}],"line":33}},"s":{"0":2,"1":2,"2":2,"3":24,"4":24,"5":2,"6":2,"7":2,"8":2,"9":2,"10":24,"11":2,"12":2,"13":2,"14":2,"15":2,"16":2,"17":2,"18":2,"19":2,"20":2},"f":{"0":2,"1":24,"2":24,"3":2,"4":2,"5":2,"6":2},"b":{"0":[2]},"inputSourceMap":null,"_coverageSchema":"1a1c01bbd47fc00a2c39e90264f33305004495a9","hash":"891da00b63bfd219a95b3725bb8157e52679f771"}
,"/Users/brieucjamain/Desktop/Boilerplate_serverless/dist/utils/types.js": {"path":"/Users/brieucjamain/Desktop/Boilerplate_serverless/dist/utils/types.js","statementMap":{"0":{"start":{"line":2,"column":0},"end":{"line":7,"column":34}},"1":{"start":{"line":3,"column":4},"end":{"line":3,"column":60}},"2":{"start":{"line":4,"column":4},"end":{"line":4,"column":62}},"3":{"start":{"line":5,"column":4},"end":{"line":5,"column":62}},"4":{"start":{"line":6,"column":4},"end":{"line":6,"column":60}}},"fnMap":{"0":{"name":"(anonymous_0)","decl":{"start":{"line":2,"column":1},"end":{"line":2,"column":2}},"loc":{"start":{"line":2,"column":22},"end":{"line":7,"column":1}},"line":2}},"branchMap":{"0":{"loc":{"start":{"line":7,"column":3},"end":{"line":7,"column":32}},"type":"binary-expr","locations":[{"start":{"line":7,"column":3},"end":{"line":7,"column":12}},{"start":{"line":7,"column":17},"end":{"line":7,"column":31}}],"line":7}},"s":{"0":3,"1":3,"2":3,"3":3,"4":3},"f":{"0":3},"b":{"0":[3,3]},"inputSourceMap":null,"_coverageSchema":"1a1c01bbd47fc00a2c39e90264f33305004495a9","hash":"e93d37f1c7096af4f159695d1d057901c585ced7"}
,"/Users/brieucjamain/Desktop/Boilerplate_serverless/dist/utils/validators.js": {"path":"/Users/brieucjamain/Desktop/Boilerplate_serverless/dist/utils/validators.js","statementMap":{"0":{"start":{"line":4,"column":4},"end":{"line":22,"column":6}},"1":{"start":{"line":5,"column":8},"end":{"line":21,"column":11}},"2":{"start":{"line":13,"column":20},"end":{"line":18,"column":23}},"3":{"start":{"line":15,"column":24},"end":{"line":16,"column":41}},"4":{"start":{"line":16,"column":28},"end":{"line":16,"column":41}},"5":{"start":{"line":17,"column":24},"end":{"line":17,"column":36}}},"fnMap":{"0":{"name":"IsEmailUnique","decl":{"start":{"line":3,"column":16},"end":{"line":3,"column":29}},"loc":{"start":{"line":3,"column":49},"end":{"line":23,"column":1}},"line":3},"1":{"name":"(anonymous_1)","decl":{"start":{"line":4,"column":11},"end":{"line":4,"column":12}},"loc":{"start":{"line":4,"column":43},"end":{"line":22,"column":5}},"line":4},"2":{"name":"(anonymous_2)","decl":{"start":{"line":12,"column":16},"end":{"line":12,"column":17}},"loc":{"start":{"line":12,"column":44},"end":{"line":19,"column":17}},"line":12},"3":{"name":"(anonymous_3)","decl":{"start":{"line":13,"column":65},"end":{"line":13,"column":66}},"loc":{"start":{"line":13,"column":75},"end":{"line":18,"column":21}},"line":13}},"branchMap":{"0":{"loc":{"start":{"line":15,"column":24},"end":{"line":16,"column":41}},"type":"if","locations":[{"start":{"line":15,"column":24},"end":{"line":16,"column":41}},{"start":{},"end":{}}],"line":15},"1":{"loc":{"start":{"line":15,"column":28},"end":{"line":15,"column":184}},"type":"binary-expr","locations":[{"start":{"line":15,"column":28},"end":{"line":15,"column":32}},{"start":{"line":15,"column":36},"end":{"line":15,"column":184}}],"line":15},"2":{"loc":{"start":{"line":15,"column":37},"end":{"line":15,"column":110}},"type":"cond-expr","locations":[{"start":{"line":15,"column":88},"end":{"line":15,"column":94}},{"start":{"line":15,"column":97},"end":{"line":15,"column":110}}],"line":15},"3":{"loc":{"start":{"line":15,"column":37},"end":{"line":15,"column":85}},"type":"binary-expr","locations":[{"start":{"line":15,"column":37},"end":{"line":15,"column":68}},{"start":{"line":15,"column":72},"end":{"line":15,"column":85}}],"line":15},"4":{"loc":{"start":{"line":15,"column":117},"end":{"line":15,"column":183}},"type":"cond-expr","locations":[{"start":{"line":15,"column":161},"end":{"line":15,"column":167}},{"start":{"line":15,"column":170},"end":{"line":15,"column":183}}],"line":15},"5":{"loc":{"start":{"line":15,"column":117},"end":{"line":15,"column":158}},"type":"binary-expr","locations":[{"start":{"line":15,"column":117},"end":{"line":15,"column":141}},{"start":{"line":15,"column":145},"end":{"line":15,"column":158}}],"line":15}},"s":{"0":3,"1":3,"2":13,"3":13,"4":1,"5":12},"f":{"0":3,"1":3,"2":13,"3":13},"b":{"0":[1,12],"1":[13,3],"2":[1,2],"3":[3,3],"4":[0,3],"5":[3,3]},"inputSourceMap":null,"_coverageSchema":"1a1c01bbd47fc00a2c39e90264f33305004495a9","hash":"56eac5bda2d2bbad13d9bf4e14d2b41798a92718"}
}
