TN:
SF:dist/entities/index.js
FNF:0
FNH:0
LF:0
LH:0
BRF:0
BRH:0
end_of_record
TN:
SF:dist/entities/user.js
FN:1,(anonymous_0)
FN:7,(anonymous_1)
FN:17,(anonymous_2)
FN:18,(anonymous_3)
FNF:4
FNH:4
FNDA:27,(anonymous_0)
FNDA:30,(anonymous_1)
FNDA:13,(anonymous_2)
FNDA:8,(anonymous_3)
DA:1,3
DA:2,27
DA:3,27
DA:4,0
DA:5,27
DA:7,3
DA:8,30
DA:16,3
DA:18,13
DA:19,8
DA:21,5
DA:24,3
DA:28,3
DA:34,3
DA:41,3
DA:47,3
DA:51,3
DA:55,3
DA:59,3
DA:66,3
LF:20
LH:19
BRDA:1,0,0,3
BRDA:1,0,1,0
BRDA:1,0,2,3
BRDA:2,1,0,3
BRDA:2,1,1,24
BRDA:2,2,0,3
BRDA:2,2,1,21
BRDA:3,3,0,27
BRDA:3,3,1,0
BRDA:3,4,0,27
BRDA:3,4,1,27
BRDA:4,5,0,0
BRDA:4,5,1,0
BRDA:4,6,0,0
BRDA:4,6,1,0
BRDA:4,7,0,0
BRDA:4,7,1,0
BRDA:4,8,0,0
BRDA:4,8,1,0
BRDA:5,9,0,27
BRDA:5,9,1,24
BRDA:5,9,2,3
BRDA:7,10,0,3
BRDA:7,10,1,0
BRDA:7,10,2,3
BRDA:8,11,0,30
BRDA:8,11,1,0
BRDA:8,12,0,30
BRDA:8,12,1,30
BRF:29
BRH:17
end_of_record
TN:
SF:dist/resolvers/auth.js
FN:8,(anonymous_0)
FN:17,(anonymous_1)
FN:26,(anonymous_2)
FN:34,(anonymous_3)
FN:44,(anonymous_4)
FN:55,(anonymous_5)
FNF:6
FNH:6
FNDA:4,(anonymous_0)
FNDA:4,(anonymous_1)
FNDA:2,(anonymous_2)
FNDA:4,(anonymous_3)
FNDA:1,(anonymous_4)
FNDA:1,(anonymous_5)
DA:9,4
DA:10,4
DA:11,1
DA:12,3
DA:13,2
DA:14,2
DA:15,2
DA:18,4
DA:19,2
DA:20,2
DA:21,1
DA:22,1
DA:23,1
DA:24,1
DA:27,2
DA:28,2
DA:29,1
DA:30,2
DA:35,4
DA:40,1
DA:41,1
DA:42,1
DA:45,1
DA:46,1
DA:47,1
DA:48,0
DA:49,1
DA:50,1
DA:51,1
DA:52,1
DA:53,1
DA:56,1
DA:57,1
DA:58,1
DA:59,0
DA:60,1
DA:61,1
DA:62,1
DA:63,1
DA:64,1
LF:40
LH:38
BRDA:10,0,0,1
BRDA:10,0,1,3
BRDA:20,1,0,1
BRDA:20,1,1,1
BRDA:28,2,0,1
BRDA:28,2,1,1
BRDA:47,3,0,0
BRDA:47,3,1,1
BRDA:58,4,0,0
BRDA:58,4,1,1
BRF:10
BRH:8
end_of_record
TN:
SF:dist/resolvers/index.js
FNF:0
FNH:0
LF:0
LH:0
BRF:0
BRH:0
end_of_record
TN:
SF:dist/resolvers/user.js
FN:5,(anonymous_0)
FN:13,(anonymous_1)
FN:18,(anonymous_2)
FNF:3
FNH:1
FNDA:2,(anonymous_0)
FNDA:0,(anonymous_1)
FNDA:0,(anonymous_2)
DA:7,2
DA:8,1
DA:11,1
DA:14,0
DA:15,0
DA:16,0
DA:19,0
DA:20,0
DA:21,0
LF:9
LH:3
BRDA:9,0,0,0
BRDA:9,0,1,1
BRDA:9,1,0,1
BRDA:9,1,1,1
BRF:4
BRH:3
end_of_record
TN:
SF:dist/typeDefs/auth.js
FNF:0
FNH:0
LF:0
LH:0
BRF:0
BRH:0
end_of_record
TN:
SF:dist/typeDefs/index.js
FNF:0
FNH:0
LF:0
LH:0
BRF:0
BRH:0
end_of_record
TN:
SF:dist/typeDefs/user.js
FNF:0
FNH:0
LF:0
LH:0
BRF:0
BRH:0
end_of_record
TN:
SF:dist/utils/authentication.js
FN:6,(anonymous_0)
FN:9,(anonymous_1)
FN:15,(anonymous_2)
FN:37,(anonymous_3)
FN:60,(anonymous_4)
FN:76,(anonymous_5)
FNF:6
FNH:6
FNDA:5,(anonymous_0)
FNDA:4,(anonymous_1)
FNDA:13,(anonymous_2)
FNDA:6,(anonymous_3)
FNDA:24,(anonymous_4)
FNDA:2,(anonymous_5)
DA:6,3
DA:7,5
DA:9,3
DA:10,4
DA:11,4
DA:12,1
DA:13,3
DA:15,3
DA:16,13
DA:18,6
DA:23,6
DA:29,1
DA:34,0
DA:37,3
DA:38,6
DA:39,6
DA:40,6
DA:44,2
DA:46,4
DA:48,0
DA:52,2
DA:53,1
DA:56,1
DA:60,3
DA:61,24
DA:62,24
DA:63,24
DA:64,1
DA:65,1
DA:66,0
DA:67,1
DA:70,23
DA:71,0
DA:73,23
DA:76,3
DA:77,2
DA:78,1
DA:79,1
LF:38
LH:34
BRDA:11,0,0,1
BRDA:11,0,1,3
BRDA:16,1,0,6
BRDA:16,1,1,6
BRDA:16,1,2,0
BRDA:16,1,3,1
BRDA:16,1,4,0
BRDA:40,2,0,0
BRDA:40,2,1,1
BRDA:40,2,2,2
BRDA:40,2,3,4
BRDA:40,2,4,0
BRDA:52,3,0,1
BRDA:52,3,1,1
BRDA:61,4,0,24
BRDA:61,4,1,23
BRDA:65,5,0,0
BRDA:65,5,1,1
BRDA:70,6,0,0
BRDA:70,6,1,23
BRDA:77,7,0,1
BRDA:77,7,1,1
BRF:22
BRH:16
end_of_record
TN:
SF:dist/utils/config.js
FNF:0
FNH:0
DA:4,3
DA:5,0
DA:6,0
DA:8,3
DA:9,3
DA:10,3
DA:11,3
LF:7
LH:5
BRDA:4,0,0,0
BRDA:4,0,1,3
BRDA:8,1,0,0
BRDA:8,1,1,3
BRF:4
BRH:2
end_of_record
TN:
SF:dist/utils/errorFormatter.js
FN:1,(anonymous_0)
FNF:1
FNH:1
FNDA:15,(anonymous_0)
DA:2,15
DA:3,2
DA:5,15
DA:6,2
DA:8,15
DA:9,2
DA:11,15
LF:7
LH:7
BRDA:2,0,0,2
BRDA:2,0,1,13
BRDA:5,1,0,2
BRDA:5,1,1,13
BRDA:8,2,0,2
BRDA:8,2,1,13
BRF:6
BRH:6
end_of_record
TN:
SF:dist/utils/logger.js
FN:3,(anonymous_0)
FNF:1
FNH:0
FNDA:0,(anonymous_0)
DA:2,3
DA:3,3
DA:4,0
DA:5,0
DA:7,3
DA:8,3
LF:6
LH:4
BRDA:9,0,0,3
BRDA:9,0,1,3
BRF:2
BRH:2
end_of_record
TN:
SF:dist/utils/mailer.js
FN:6,(anonymous_0)
FN:35,(anonymous_1)
FNF:2
FNH:2
FNDA:1,(anonymous_0)
FNDA:1,(anonymous_1)
DA:6,2
DA:7,1
DA:14,1
DA:16,0
DA:17,0
DA:18,0
DA:19,0
DA:20,0
DA:23,1
DA:24,1
DA:25,1
DA:26,1
DA:27,1
DA:30,0
DA:31,0
DA:33,1
DA:36,1
DA:37,1
DA:38,1
DA:39,1
DA:48,1
DA:49,1
DA:50,1
LF:23
LH:16
BRDA:14,0,0,0
BRDA:14,0,1,1
BRDA:14,0,2,0
BRF:3
BRH:1
end_of_record
TN:
SF:dist/utils/responseFormatter.js
FN:1,(anonymous_0)
FN:4,(anonymous_1)
FN:12,(anonymous_2)
FN:14,(anonymous_3)
FNF:4
FNH:4
FNDA:24,(anonymous_0)
FNDA:15,(anonymous_1)
FNDA:3,(anonymous_2)
FNDA:6,(anonymous_3)
DA:2,24
DA:3,15
DA:4,15
DA:6,15
DA:7,3
DA:8,3
DA:9,3
DA:10,3
DA:11,3
DA:12,3
DA:13,3
DA:14,3
DA:15,6
DA:28,3
DA:30,3
DA:33,12
DA:35,15
DA:38,24
LF:18
LH:18
BRDA:2,0,0,15
BRDA:2,0,1,9
BRDA:6,1,0,3
BRDA:6,1,1,12
BRDA:6,2,0,15
BRDA:6,2,1,15
BRDA:10,3,0,0
BRDA:10,3,1,3
BRDA:10,4,0,3
BRDA:10,4,1,3
BRDA:11,5,0,0
BRDA:11,5,1,3
BRDA:11,6,0,3
BRDA:11,6,1,3
BRF:14
BRH:12
end_of_record
TN:
SF:dist/utils/source.js
FNF:0
FNH:0
LF:0
LH:0
BRF:0
BRH:0
end_of_record
TN:
SF:dist/utils/testing.js
FN:14,(anonymous_0)
FN:21,(anonymous_1)
FN:33,(anonymous_2)
FN:37,(anonymous_3)
FN:42,(anonymous_4)
FN:43,(anonymous_5)
FN:50,(anonymous_6)
FNF:7
FNH:7
FNDA:2,(anonymous_0)
FNDA:24,(anonymous_1)
FNDA:24,(anonymous_2)
FNDA:2,(anonymous_3)
FNDA:2,(anonymous_4)
FNDA:2,(anonymous_5)
FNDA:2,(anonymous_6)
DA:14,2
DA:15,2
DA:16,2
DA:22,24
DA:23,24
DA:26,2
DA:27,2
DA:28,2
DA:29,2
DA:33,2
DA:34,24
DA:36,2
DA:37,2
DA:40,2
DA:42,2
DA:43,2
DA:44,2
DA:45,2
DA:46,2
DA:48,2
DA:50,2
LF:21
LH:21
BRDA:33,0,0,2
BRF:1
BRH:1
end_of_record
TN:
SF:dist/utils/types.js
FN:2,(anonymous_0)
FNF:1
FNH:1
FNDA:3,(anonymous_0)
DA:2,3
DA:3,3
DA:4,3
DA:5,3
DA:6,3
LF:5
LH:5
BRDA:7,0,0,3
BRDA:7,0,1,3
BRF:2
BRH:2
end_of_record
TN:
SF:dist/utils/validators.js
FN:3,IsEmailUnique
FN:4,(anonymous_1)
FN:12,(anonymous_2)
FN:13,(anonymous_3)
FNF:4
FNH:4
FNDA:3,IsEmailUnique
FNDA:3,(anonymous_1)
FNDA:13,(anonymous_2)
FNDA:13,(anonymous_3)
DA:4,3
DA:5,3
DA:13,13
DA:15,13
DA:16,1
DA:17,12
LF:6
LH:6
BRDA:15,0,0,1
BRDA:15,0,1,12
BRDA:15,1,0,13
BRDA:15,1,1,3
BRDA:15,2,0,1
BRDA:15,2,1,2
BRDA:15,3,0,3
BRDA:15,3,1,3
BRDA:15,4,0,0
BRDA:15,4,1,3
BRDA:15,5,0,3
BRDA:15,5,1,3
BRF:12
BRH:11
end_of_record
